[2026-01-03 13:15:47] [DEBUG 2] SERVER -> CLIENT: 220 mailcluster.loopia.se ESMTP Postfix (s979.loopia.se)

[2026-01-03 13:15:47] [DEBUG 1] CLIENT -> SERVER: EHLO 127.0.0.1

[2026-01-03 13:15:47] [DEBUG 2] SERVER -> CLIENT: 250-s979.loopia.se
250-PIPELINING
250-SIZE 209715200
250-VRFY
250-ETRN
250-STARTTLS
250-AUTH PLAIN LOGIN
250-AUTH=PLAIN LOGIN
250-ENHANCEDSTATUSCODES
250-8BITMIME
250-DSN
250-SMTPUTF8
250 CHUNKING

[2026-01-03 13:15:47] [DEBUG 1] CLIENT -> SERVER: STARTTLS

[2026-01-03 13:15:47] [DEBUG 2] SERVER -> CLIENT: 220 2.0.0 Ready to start TLS

[2026-01-03 13:15:47] [DEBUG 1] CLIENT -> SERVER: EHLO 127.0.0.1

[2026-01-03 13:15:47] [DEBUG 2] SERVER -> CLIENT: 250-s979.loopia.se
250-PIPELINING
250-SIZE 209715200
250-VRFY
250-ETRN
250-AUTH PLAIN LOGIN
250-AUTH=PLAIN LOGIN
250-ENHANCEDSTATUSCODES
250-8BITMIME
250-DSN
250-SMTPUTF8
250 CHUNKING

[2026-01-03 13:15:47] [DEBUG 1] CLIENT -> SERVER: AUTH LOGIN

[2026-01-03 13:15:47] [DEBUG 2] SERVER -> CLIENT: 334 VXNlcm5hbWU6

[2026-01-03 13:15:47] [DEBUG 1] CLIENT -> SERVER: [credentials hidden]
[2026-01-03 13:15:47] [DEBUG 2] SERVER -> CLIENT: 334 UGFzc3dvcmQ6

[2026-01-03 13:15:47] [DEBUG 1] CLIENT -> SERVER: [credentials hidden]
[2026-01-03 13:15:47] [DEBUG 2] SERVER -> CLIENT: 235 2.7.0 Authentication successful

[2026-01-03 13:15:47] [DEBUG 1] CLIENT -> SERVER: MAIL FROM:<info@gargaar.se>

[2026-01-03 13:15:47] [DEBUG 2] SERVER -> CLIENT: 250 2.1.0 Ok

[2026-01-03 13:15:47] [DEBUG 1] CLIENT -> SERVER: RCPT TO:<info@gargaar.se>

[2026-01-03 13:15:47] [DEBUG 2] SERVER -> CLIENT: 250 2.1.5 Ok

[2026-01-03 13:15:47] [DEBUG 1] CLIENT -> SERVER: DATA

[2026-01-03 13:15:47] [DEBUG 2] SERVER -> CLIENT: 354 End data with <CR><LF>.<CR><LF>

[2026-01-03 13:15:47] [DEBUG 1] CLIENT -> SERVER: Date: Sat, 3 Jan 2026 13:15:47 +0000

[2026-01-03 13:15:47] [DEBUG 1] CLIENT -> SERVER: To: info@gargaar.se

[2026-01-03 13:15:47] [DEBUG 1] CLIENT -> SERVER: From: Gargaar Omsorg <info@gargaar.se>

[2026-01-03 13:15:47] [DEBUG 1] CLIENT -> SERVER: Reply-To: Debug User <test@example.com>

[2026-01-03 13:15:47] [DEBUG 1] CLIENT -> SERVER: Subject: =?UTF-8?Q?F=C3=B6rfr=C3=A5gan_fr=C3=A5n_Debug_User?=

[2026-01-03 13:15:47] [DEBUG 1] CLIENT -> SERVER: Message-ID: <u0ztXEMeE09iBKlYDXY2nVJorY18SnOvMiMyEmcz4@127.0.0.1>

[2026-01-03 13:15:47] [DEBUG 1] CLIENT -> SERVER: X-Mailer: PHPMailer 7.0.1 (https://github.com/PHPMailer/PHPMailer)

[2026-01-03 13:15:47] [DEBUG 1] CLIENT -> SERVER: MIME-Version: 1.0

[2026-01-03 13:15:47] [DEBUG 1] CLIENT -> SERVER: Content-Type: multipart/alternative;

[2026-01-03 13:15:47] [DEBUG 1] CLIENT -> SERVER:  boundary="b1=_u0ztXEMeE09iBKlYDXY2nVJorY18SnOvMiMyEmcz4"

[2026-01-03 13:15:47] [DEBUG 1] CLIENT -> SERVER: Content-Transfer-Encoding: 8bit

[2026-01-03 13:15:47] [DEBUG 1] CLIENT -> SERVER: 

[2026-01-03 13:15:47] [DEBUG 1] CLIENT -> SERVER: --b1=_u0ztXEMeE09iBKlYDXY2nVJorY18SnOvMiMyEmcz4

[2026-01-03 13:15:47] [DEBUG 1] CLIENT -> SERVER: Content-Type: text/plain; charset=UTF-8

[2026-01-03 13:15:47] [DEBUG 1] CLIENT -> SERVER: Content-Transfer-Encoding: 8bit

[2026-01-03 13:15:47] [DEBUG 1] CLIENT -> SERVER: 

[2026-01-03 13:15:47] [DEBUG 1] CLIENT -> SERVER: Namn: Debug User

[2026-01-03 13:15:47] [DEBUG 1] CLIENT -> SERVER: Telefon: 0701234567

[2026-01-03 13:15:47] [DEBUG 1] CLIENT -> SERVER: E-post: test@example.com

[2026-01-03 13:15:47] [DEBUG 1] CLIENT -> SERVER: Tjänst: Ledsagare

[2026-01-03 13:15:47] [DEBUG 1] CLIENT -> SERVER: 

[2026-01-03 13:15:47] [DEBUG 1] CLIENT -> SERVER: Debug test

[2026-01-03 13:15:47] [DEBUG 1] CLIENT -> SERVER: 

[2026-01-03 13:15:47] [DEBUG 1] CLIENT -> SERVER: --b1=_u0ztXEMeE09iBKlYDXY2nVJorY18SnOvMiMyEmcz4

[2026-01-03 13:15:47] [DEBUG 1] CLIENT -> SERVER: Content-Type: text/html; charset=UTF-8

[2026-01-03 13:15:47] [DEBUG 1] CLIENT -> SERVER: Content-Transfer-Encoding: 8bit

[2026-01-03 13:15:47] [DEBUG 1] CLIENT -> SERVER: 

[2026-01-03 13:15:47] [DEBUG 1] CLIENT -> SERVER: <p><strong>Namn:</strong> Debug User</p><p><strong>Telefon:</strong> 0701234567</p><p><strong>E-post:</strong> test@example.com</p><p><strong>Tjänst:</strong> Ledsagare</p><hr><p>Debug test</p>

[2026-01-03 13:15:47] [DEBUG 1] CLIENT -> SERVER: 

[2026-01-03 13:15:47] [DEBUG 1] CLIENT -> SERVER: 

[2026-01-03 13:15:47] [DEBUG 1] CLIENT -> SERVER: --b1=_u0ztXEMeE09iBKlYDXY2nVJorY18SnOvMiMyEmcz4--

[2026-01-03 13:15:47] [DEBUG 1] CLIENT -> SERVER: 

[2026-01-03 13:15:47] [DEBUG 1] CLIENT -> SERVER: .

[2026-01-03 13:15:47] [DEBUG 2] SERVER -> CLIENT: 250 2.0.0 Ok: queued as B55B410BC45B

[2026-01-03 13:15:47] [DEBUG 1] CLIENT -> SERVER: QUIT

[2026-01-03 13:15:47] [DEBUG 2] SERVER -> CLIENT: 221 2.0.0 Bye

[2026-01-03 13:15:47] Message accepted by SMTP server
[2026-01-03 13:19:42] [DEBUG 2] SERVER -> CLIENT: 220 mailcluster.loopia.se ESMTP Postfix (s981.loopia.se)

[2026-01-03 13:19:42] [DEBUG 1] CLIENT -> SERVER: EHLO 127.0.0.1

[2026-01-03 13:19:42] [DEBUG 2] SERVER -> CLIENT: 250-s981.loopia.se
250-PIPELINING
250-SIZE 209715200
250-VRFY
250-ETRN
250-STARTTLS
250-AUTH PLAIN LOGIN
250-AUTH=PLAIN LOGIN
250-ENHANCEDSTATUSCODES
250-8BITMIME
250-DSN
250-SMTPUTF8
250 CHUNKING

[2026-01-03 13:19:42] [DEBUG 1] CLIENT -> SERVER: STARTTLS

[2026-01-03 13:19:42] [DEBUG 2] SERVER -> CLIENT: 220 2.0.0 Ready to start TLS

[2026-01-03 13:19:42] [DEBUG 1] CLIENT -> SERVER: EHLO 127.0.0.1

[2026-01-03 13:19:42] [DEBUG 2] SERVER -> CLIENT: 250-s981.loopia.se
250-PIPELINING
250-SIZE 209715200
250-VRFY
250-ETRN
250-AUTH PLAIN LOGIN
250-AUTH=PLAIN LOGIN
250-ENHANCEDSTATUSCODES
250-8BITMIME
250-DSN
250-SMTPUTF8
250 CHUNKING

[2026-01-03 13:19:42] [DEBUG 1] CLIENT -> SERVER: AUTH LOGIN

[2026-01-03 13:19:42] [DEBUG 2] SERVER -> CLIENT: 334 VXNlcm5hbWU6

[2026-01-03 13:19:42] [DEBUG 1] CLIENT -> SERVER: [credentials hidden]
[2026-01-03 13:19:42] [DEBUG 2] SERVER -> CLIENT: 334 UGFzc3dvcmQ6

[2026-01-03 13:19:42] [DEBUG 1] CLIENT -> SERVER: [credentials hidden]
[2026-01-03 13:19:42] [DEBUG 2] SERVER -> CLIENT: 235 2.7.0 Authentication successful

[2026-01-03 13:19:42] [DEBUG 1] CLIENT -> SERVER: MAIL FROM:<info@gargaar.se>

[2026-01-03 13:19:42] [DEBUG 2] SERVER -> CLIENT: 250 2.1.0 Ok

[2026-01-03 13:19:42] [DEBUG 1] CLIENT -> SERVER: RCPT TO:<info1.gargaar@gmail.com>

[2026-01-03 13:19:42] [DEBUG 2] SERVER -> CLIENT: 250 2.1.5 Ok

[2026-01-03 13:19:42] [DEBUG 1] CLIENT -> SERVER: DATA

[2026-01-03 13:19:42] [DEBUG 2] SERVER -> CLIENT: 354 End data with <CR><LF>.<CR><LF>

[2026-01-03 13:19:42] [DEBUG 1] CLIENT -> SERVER: Date: Sat, 3 Jan 2026 13:19:42 +0000

[2026-01-03 13:19:42] [DEBUG 1] CLIENT -> SERVER: To: info1.gargaar@gmail.com

[2026-01-03 13:19:42] [DEBUG 1] CLIENT -> SERVER: From: Gargaar Omsorg <info@gargaar.se>

[2026-01-03 13:19:42] [DEBUG 1] CLIENT -> SERVER: Reply-To: Gmail Test <test@example.com>

[2026-01-03 13:19:42] [DEBUG 1] CLIENT -> SERVER: Subject: =?UTF-8?Q?F=C3=B6rfr=C3=A5gan_fr=C3=A5n_Gmail_Test?=

[2026-01-03 13:19:42] [DEBUG 1] CLIENT -> SERVER: Message-ID: <6Qequ1c4jIQoLVR9R6rxkkTP4GDYyliN4pqQcDgdw@127.0.0.1>

[2026-01-03 13:19:42] [DEBUG 1] CLIENT -> SERVER: X-Mailer: PHPMailer 7.0.1 (https://github.com/PHPMailer/PHPMailer)

[2026-01-03 13:19:42] [DEBUG 1] CLIENT -> SERVER: MIME-Version: 1.0

[2026-01-03 13:19:42] [DEBUG 1] CLIENT -> SERVER: Content-Type: multipart/alternative;

[2026-01-03 13:19:42] [DEBUG 1] CLIENT -> SERVER:  boundary="b1=_6Qequ1c4jIQoLVR9R6rxkkTP4GDYyliN4pqQcDgdw"

[2026-01-03 13:19:42] [DEBUG 1] CLIENT -> SERVER: Content-Transfer-Encoding: 8bit

[2026-01-03 13:19:42] [DEBUG 1] CLIENT -> SERVER: 

[2026-01-03 13:19:42] [DEBUG 1] CLIENT -> SERVER: --b1=_6Qequ1c4jIQoLVR9R6rxkkTP4GDYyliN4pqQcDgdw

[2026-01-03 13:19:42] [DEBUG 1] CLIENT -> SERVER: Content-Type: text/plain; charset=UTF-8

[2026-01-03 13:19:42] [DEBUG 1] CLIENT -> SERVER: Content-Transfer-Encoding: 8bit

[2026-01-03 13:19:42] [DEBUG 1] CLIENT -> SERVER: 

[2026-01-03 13:19:42] [DEBUG 1] CLIENT -> SERVER: Namn: Gmail Test

[2026-01-03 13:19:42] [DEBUG 1] CLIENT -> SERVER: Telefon: 0701234567

[2026-01-03 13:19:42] [DEBUG 1] CLIENT -> SERVER: E-post: test@example.com

[2026-01-03 13:19:42] [DEBUG 1] CLIENT -> SERVER: Tjänst: Ledsagare

[2026-01-03 13:19:42] [DEBUG 1] CLIENT -> SERVER: 

[2026-01-03 13:19:42] [DEBUG 1] CLIENT -> SERVER: Send to Gmail test

[2026-01-03 13:19:42] [DEBUG 1] CLIENT -> SERVER: 

[2026-01-03 13:19:42] [DEBUG 1] CLIENT -> SERVER: --b1=_6Qequ1c4jIQoLVR9R6rxkkTP4GDYyliN4pqQcDgdw

[2026-01-03 13:19:42] [DEBUG 1] CLIENT -> SERVER: Content-Type: text/html; charset=UTF-8

[2026-01-03 13:19:42] [DEBUG 1] CLIENT -> SERVER: Content-Transfer-Encoding: 8bit

[2026-01-03 13:19:42] [DEBUG 1] CLIENT -> SERVER: 

[2026-01-03 13:19:42] [DEBUG 1] CLIENT -> SERVER: <p><strong>Namn:</strong> Gmail Test</p><p><strong>Telefon:</strong> 0701234567</p><p><strong>E-post:</strong> test@example.com</p><p><strong>Tjänst:</strong> Ledsagare</p><hr><p>Send to Gmail test</p>

[2026-01-03 13:19:42] [DEBUG 1] CLIENT -> SERVER: 

[2026-01-03 13:19:42] [DEBUG 1] CLIENT -> SERVER: 

[2026-01-03 13:19:42] [DEBUG 1] CLIENT -> SERVER: --b1=_6Qequ1c4jIQoLVR9R6rxkkTP4GDYyliN4pqQcDgdw--

[2026-01-03 13:19:42] [DEBUG 1] CLIENT -> SERVER: 

[2026-01-03 13:19:42] [DEBUG 1] CLIENT -> SERVER: .

[2026-01-03 13:19:42] [DEBUG 2] SERVER -> CLIENT: 250 2.0.0 Ok: queued as C6B0222B16FA

[2026-01-03 13:19:42] [DEBUG 1] CLIENT -> SERVER: QUIT

[2026-01-03 13:19:42] [DEBUG 2] SERVER -> CLIENT: 221 2.0.0 Bye

[2026-01-03 13:19:42] Message accepted by SMTP server
[2026-01-03 13:30:49] [DEBUG 2] SERVER -> CLIENT: 220 smtp.gmail.com ESMTP 2adb3069b0e04-59a1861f4e4sm12890574e87.83 - gsmtp

[2026-01-03 13:30:49] [DEBUG 1] CLIENT -> SERVER: EHLO 127.0.0.1

[2026-01-03 13:30:49] [DEBUG 2] SERVER -> CLIENT: 250-smtp.gmail.com at your service, [80.170.230.127]
250-SIZE 35882577
250-8BITMIME
250-STARTTLS
250-ENHANCEDSTATUSCODES
250-PIPELINING
250-CHUNKING
250 SMTPUTF8

[2026-01-03 13:30:49] [DEBUG 1] CLIENT -> SERVER: STARTTLS

[2026-01-03 13:30:49] [DEBUG 2] SERVER -> CLIENT: 220 2.0.0 Ready to start TLS

[2026-01-03 13:30:49] [DEBUG 1] CLIENT -> SERVER: EHLO 127.0.0.1

[2026-01-03 13:30:50] [DEBUG 2] SERVER -> CLIENT: 250-smtp.gmail.com at your service, [80.170.230.127]
250-SIZE 35882577
250-8BITMIME
250-AUTH LOGIN PLAIN XOAUTH2 PLAIN-CLIENTTOKEN OAUTHBEARER XOAUTH
250-ENHANCEDSTATUSCODES
250-PIPELINING
250-CHUNKING
250 SMTPUTF8

[2026-01-03 13:30:50] [DEBUG 1] CLIENT -> SERVER: AUTH LOGIN

[2026-01-03 13:30:50] [DEBUG 2] SERVER -> CLIENT: 334 VXNlcm5hbWU6

[2026-01-03 13:30:50] [DEBUG 1] CLIENT -> SERVER: [credentials hidden]
[2026-01-03 13:30:50] [DEBUG 2] SERVER -> CLIENT: 334 UGFzc3dvcmQ6

[2026-01-03 13:30:50] [DEBUG 1] CLIENT -> SERVER: [credentials hidden]
[2026-01-03 13:30:50] [DEBUG 2] SERVER -> CLIENT: 235 2.7.0 Accepted

[2026-01-03 13:30:50] [DEBUG 1] CLIENT -> SERVER: MAIL FROM:<info1.gargaar@gmail.com>

[2026-01-03 13:30:50] [DEBUG 2] SERVER -> CLIENT: 250 2.1.0 OK 2adb3069b0e04-59a1861f4e4sm12890574e87.83 - gsmtp

[2026-01-03 13:30:50] [DEBUG 1] CLIENT -> SERVER: RCPT TO:<info1.gargaar@gmail.com>

[2026-01-03 13:30:50] [DEBUG 2] SERVER -> CLIENT: 250 2.1.5 OK 2adb3069b0e04-59a1861f4e4sm12890574e87.83 - gsmtp

[2026-01-03 13:30:50] [DEBUG 1] CLIENT -> SERVER: DATA

[2026-01-03 13:30:50] [DEBUG 2] SERVER -> CLIENT: 354 Go ahead 2adb3069b0e04-59a1861f4e4sm12890574e87.83 - gsmtp

[2026-01-03 13:30:50] [DEBUG 1] CLIENT -> SERVER: Date: Sat, 3 Jan 2026 13:30:49 +0000

[2026-01-03 13:30:50] [DEBUG 1] CLIENT -> SERVER: To: info1.gargaar@gmail.com

[2026-01-03 13:30:50] [DEBUG 1] CLIENT -> SERVER: From: Gargaar Omsorg <info1.gargaar@gmail.com>

[2026-01-03 13:30:50] [DEBUG 1] CLIENT -> SERVER: Reply-To: ahmed <axmedcadani@gmail.com>

[2026-01-03 13:30:50] [DEBUG 1] CLIENT -> SERVER: Subject: =?UTF-8?Q?F=C3=B6rfr=C3=A5gan_fr=C3=A5n_ahmed?=

[2026-01-03 13:30:50] [DEBUG 1] CLIENT -> SERVER: Message-ID: <6sMNE8GxGBstOEz1iwyavVGjovH97wsogzn8XLVo@127.0.0.1>

[2026-01-03 13:30:50] [DEBUG 1] CLIENT -> SERVER: X-Mailer: PHPMailer 7.0.1 (https://github.com/PHPMailer/PHPMailer)

[2026-01-03 13:30:50] [DEBUG 1] CLIENT -> SERVER: MIME-Version: 1.0

[2026-01-03 13:30:50] [DEBUG 1] CLIENT -> SERVER: Content-Type: multipart/alternative;

[2026-01-03 13:30:50] [DEBUG 1] CLIENT -> SERVER:  boundary="b1=_6sMNE8GxGBstOEz1iwyavVGjovH97wsogzn8XLVo"

[2026-01-03 13:30:50] [DEBUG 1] CLIENT -> SERVER: Content-Transfer-Encoding: 8bit

[2026-01-03 13:30:50] [DEBUG 1] CLIENT -> SERVER: 

[2026-01-03 13:30:50] [DEBUG 1] CLIENT -> SERVER: --b1=_6sMNE8GxGBstOEz1iwyavVGjovH97wsogzn8XLVo

[2026-01-03 13:30:50] [DEBUG 1] CLIENT -> SERVER: Content-Type: text/plain; charset=UTF-8

[2026-01-03 13:30:50] [DEBUG 1] CLIENT -> SERVER: Content-Transfer-Encoding: 8bit

[2026-01-03 13:30:50] [DEBUG 1] CLIENT -> SERVER: 

[2026-01-03 13:30:50] [DEBUG 1] CLIENT -> SERVER: Namn: ahmed

[2026-01-03 13:30:50] [DEBUG 1] CLIENT -> SERVER: Telefon: 072 911 0775

[2026-01-03 13:30:50] [DEBUG 1] CLIENT -> SERVER: E-post: axmedcadani@gmail.com

[2026-01-03 13:30:50] [DEBUG 1] CLIENT -> SERVER: Tjänst: Boendestöd

[2026-01-03 13:30:50] [DEBUG 1] CLIENT -> SERVER: 

[2026-01-03 13:30:50] [DEBUG 1] CLIENT -> SERVER: hej

[2026-01-03 13:30:50] [DEBUG 1] CLIENT -> SERVER: 

[2026-01-03 13:30:50] [DEBUG 1] CLIENT -> SERVER: --b1=_6sMNE8GxGBstOEz1iwyavVGjovH97wsogzn8XLVo

[2026-01-03 13:30:50] [DEBUG 1] CLIENT -> SERVER: Content-Type: text/html; charset=UTF-8

[2026-01-03 13:30:50] [DEBUG 1] CLIENT -> SERVER: Content-Transfer-Encoding: 8bit

[2026-01-03 13:30:50] [DEBUG 1] CLIENT -> SERVER: 

[2026-01-03 13:30:50] [DEBUG 1] CLIENT -> SERVER: <p><strong>Namn:</strong> ahmed</p><p><strong>Telefon:</strong> 072 911 0775</p><p><strong>E-post:</strong> axmedcadani@gmail.com</p><p><strong>Tjänst:</strong> Boendestöd</p><hr><p>hej</p>

[2026-01-03 13:30:50] [DEBUG 1] CLIENT -> SERVER: 

[2026-01-03 13:30:50] [DEBUG 1] CLIENT -> SERVER: 

[2026-01-03 13:30:50] [DEBUG 1] CLIENT -> SERVER: --b1=_6sMNE8GxGBstOEz1iwyavVGjovH97wsogzn8XLVo--

[2026-01-03 13:30:50] [DEBUG 1] CLIENT -> SERVER: 

[2026-01-03 13:30:50] [DEBUG 1] CLIENT -> SERVER: .

[2026-01-03 13:30:51] [DEBUG 2] SERVER -> CLIENT: 250 2.0.0 OK  1767447051 2adb3069b0e04-59a1861f4e4sm12890574e87.83 - gsmtp

[2026-01-03 13:30:51] [DEBUG 1] CLIENT -> SERVER: QUIT

[2026-01-03 13:30:51] [DEBUG 2] SERVER -> CLIENT: 221 2.0.0 closing connection 2adb3069b0e04-59a1861f4e4sm12890574e87.83 - gsmtp

[2026-01-03 13:30:51] Message accepted by SMTP server
